Build started 16/03/2017 18:24:29.
     1>Project "C:\hlocal\kj\Ingenieria-Graficosa\Hola\Hola.vcxproj" on node 2 (Build target(s)).
     1>ClCompile:
         C:\software\programacion\MSVStudio2013\VC\bin\CL.exe /c /ZI /nologo /W3 /WX- /sdl /Od /Oy- /D _MBCS /Gm /EHsc /RTC1 /MDd /GS /fp:precise /Zc:wchar_t /Zc:forScope /Fo"Debug\\" /Fd"Debug\vc120.pdb" /Gd /TP /analyze- /errorReport:prompt Textura.cpp escena.cpp main.cpp
         main.cpp
     1>c:\hlocal\kj\ingenieria-graficosa\hola\textura.h(18): error C2660: 'glTexEnvf' : function does not take 0 arguments
     1>c:\hlocal\kj\ingenieria-graficosa\hola\textura.h(49): error C2065: 'pA' : undeclared identifier
         escena.cpp
     1>c:\hlocal\kj\ingenieria-graficosa\hola\textura.h(18): error C2660: 'glTexEnvf' : function does not take 0 arguments
     1>c:\hlocal\kj\ingenieria-graficosa\hola\textura.h(49): error C2065: 'pA' : undeclared identifier
     1>c:\hlocal\kj\ingenieria-graficosa\hola\escena.cpp(13): error C2512: 'Rectangulo' : no appropriate default constructor available
         Textura.cpp
     1>c:\hlocal\kj\ingenieria-graficosa\hola\textura.h(18): error C2660: 'glTexEnvf' : function does not take 0 arguments
     1>c:\hlocal\kj\ingenieria-graficosa\hola\textura.h(49): error C2065: 'pA' : undeclared identifier
     1>c:\hlocal\kj\ingenieria-graficosa\hola\textura.cpp(5): error C2084: function 'Textura::Textura(void)' already has a body
                 c:\hlocal\kj\ingenieria-graficosa\hola\textura.h(8) : see previous definition of '{ctor}'
     1>c:\hlocal\kj\ingenieria-graficosa\hola\textura.cpp(10): error C2084: function 'Textura::~Textura(void)' already has a body
                 c:\hlocal\kj\ingenieria-graficosa\hola\textura.h(9) : see previous definition of '{dtor}'
         Generating Code...
     1>Done Building Project "C:\hlocal\kj\Ingenieria-Graficosa\Hola\Hola.vcxproj" (Build target(s)) -- FAILED.

Build FAILED.

Time Elapsed 00:00:01.34
